Arguments: 
  C:\Program Files\nodejs\node.exe C:\Program Files (x86)\Yarn\bin\yarn.js add gatsby-source-contentful

PATH: 
  C:\WINDOWS\system32;C:\WINDOWS;C:\WINDOWS\System32\Wbem;C:\WINDOWS\System32\WindowsPowerShell\v1.0\;C:\Program Files\nodejs\;C:\WINDOWS\System32\OpenSSH\;C:\Program Files (x86)\Yarn\bin\;C:\Program Files\Git\cmd;C:\Users\usama\AppData\Local\Microsoft\WindowsApps;C:\Users\usama\AppData\Local\Programs\Microsoft VS Code\bin;C:\Users\usama\AppData\Roaming\npm;C:\Users\usama\AppData\Local\GitHubDesktop\bin;C:\Users\usama\AppData\Local\Yarn\bin

Yarn version: 
  1.22.5

Node version: 
  12.19.0

Platform: 
  win32 x64

Trace: 
  Error: EPERM: operation not permitted, copyfile 'C:\Users\usama\AppData\Local\Yarn\Cache\v6\npm-@babel-highlight-7.10.4-7d1bdfd65753538fabe6c38596cdb76d9ac60143-integrity\node_modules\@babel\highlight\package.json' -> 'F:\Bootcamp\gatsby-tutorial\gastby_step_13_programmatically_create_pages\node_modules\@babel\highlight\package.json'

npm manifest: 
  {
    "name": "gatsby-starter-minimal",
    "version": "1.0.0",
    "private": true,
    "description": "A Gatsby starter for running recipes and adding themes. It does not come with any pages.",
    "author": "Laurie Barth",
    "keywords": [
      "gatsby"
    ],
    "scripts": {
      "develop": "gatsby develop",
      "start": "gatsby develop",
      "build": "gatsby build",
      "clean": "gatsby clean"
    },
    "license": "0BSD",
    "dependencies": {
      "gatsby": "^2.25.3",
      "react": "^16.13.1",
      "react-dom": "^16.13.1"
    }
  }

yarn manifest: 
  No manifest

Lockfile: 
  No lockfile
